::1 - - [22/Mar/2021:23:40:45 +0000] "GET /api/v1/clients HTTP/1.1" 500 1529
::1 - - [22/Mar/2021:23:55:23 +0000] "GET /api/v1/clients HTTP/1.1" 500 1532
::1 - - [22/Mar/2021:23:55:59 +0000] "GET /api/v1/clients HTTP/1.1" 200 598
::1 - - [22/Mar/2021:23:57:50 +0000] "OPTIONS /api/v1/clients HTTP/1.1" 204 0
::1 - - [22/Mar/2021:23:57:51 +0000] "POST /api/v1/clients HTTP/1.1" 201 45
::1 - - [22/Mar/2021:23:58:14 +0000] "GET /api/v1/clients/e74e8560-8b66-11eb-b9f4-4635900e04a9 HTTP/1.1" 200 112
::1 - - [22/Mar/2021:23:58:47 +0000] "OPTIONS /api/v1/clients/e74e8560-8b66-11eb-b9f4-4635900e04a9 HTTP/1.1" 204 0
::1 - - [22/Mar/2021:23:58:47 +0000] "PATCH /api/v1/clients/e74e8560-8b66-11eb-b9f4-4635900e04a9 HTTP/1.1" 200 30
::1 - - [22/Mar/2021:23:59:03 +0000] "OPTIONS /api/v1/clients/69028860-8b6a-11eb-be86-408fa34ec06a HTTP/1.1" 204 0
::1 - - [22/Mar/2021:23:59:03 +0000] "DELETE /api/v1/clients/69028860-8b6a-11eb-be86-408fa34ec06a HTTP/1.1" 200 37
::1 - - [22/Mar/2021:23:59:24 +0000] "OPTIONS /api/v1/clients/e74e8560-8b66-11eb-b9f4-4635900e04a9/topup-balance HTTP/1.1" 204 0
::1 - - [22/Mar/2021:23:59:24 +0000] "PATCH /api/v1/clients/e74e8560-8b66-11eb-b9f4-4635900e04a9/topup-balance HTTP/1.1" 200 27
::1 - - [23/Mar/2021:00:01:39 +0000] "OPTIONS /api/v1/clients/e74e8560-8b66-11eb-b9f4-4635900e04a9/topup-balance HTTP/1.1" 204 0
::1 - - [23/Mar/2021:00:01:39 +0000] "PATCH /api/v1/clients/e74e8560-8b66-11eb-b9f4-4635900e04a9/topup-balance HTTP/1.1" 200 27
::1 - - [23/Mar/2021:00:01:55 +0000] "OPTIONS /api/v1/clients/e74e8560-8b66-11eb-b9f4-4635900e04a9/topup-balance HTTP/1.1" 204 0
::1 - - [23/Mar/2021:00:01:55 +0000] "PATCH /api/v1/clients/e74e8560-8b66-11eb-b9f4-4635900e04a9/topup-balance HTTP/1.1" 200 27
::1 - - [23/Mar/2021:00:02:20 +0000] "OPTIONS /api/v1/clients/e74e8560-8b66-11eb-b9f4-4635900e04a9/buy-package HTTP/1.1" 204 0
::1 - - [23/Mar/2021:00:09:41 +0000] "OPTIONS /api/v1/clients/e74e8560-8b66-11eb-b9f4-4635900e04a9/buy-package HTTP/1.1" 204 0
::1 - - [23/Mar/2021:00:11:30 +0000] "OPTIONS /api/v1/clients/e74e8560-8b66-11eb-b9f4-4635900e04a9/buy-package HTTP/1.1" 204 0
::1 - - [23/Mar/2021:00:12:18 +0000] "PATCH /api/v1/clients/e74e8560-8b66-11eb-b9f4-4635900e04a9/buy-package HTTP/1.1" - -
::ffff:127.0.0.1 - - [23/Mar/2021:00:12:18 +0000] "PATCH /api/v1/clients/e74e8560-8b66-11eb-b9f4-4635900e04a9/buy-package HTTP/1.1" - -
::1 - - [23/Mar/2021:00:15:35 +0000] "OPTIONS /api/v1/clients/e74e8560-8b66-11eb-b9f4-4635900e04a9/buy-package HTTP/1.1" 204 0
::ffff:127.0.0.1 - - [23/Mar/2021:00:16:28 +0000] "PATCH /api/v1/clients/e74e8560-8b66-11eb-b9f4-4635900e04a9/buy-package HTTP/1.1" 204 -
::1 - - [23/Mar/2021:00:16:37 +0000] "OPTIONS /api/v1/clients/e74e8560-8b66-11eb-b9f4-4635900e04a9/buy-package HTTP/1.1" 204 0
::1 - - [23/Mar/2021:00:16:37 +0000] "PATCH /api/v1/clients/e74e8560-8b66-11eb-b9f4-4635900e04a9/buy-package HTTP/1.1" 204 -
::1 - - [23/Mar/2021:00:43:02 +0000] "OPTIONS /api/v1/clients/e74e8560-8b66-11eb-b9f4-4635900e04a9/buy-package HTTP/1.1" 204 0
::1 - - [23/Mar/2021:00:43:03 +0000] "PATCH /api/v1/clients/e74e8560-8b66-11eb-b9f4-4635900e04a9/buy-package HTTP/1.1" 204 -
::1 - - [23/Mar/2021:00:43:36 +0000] "OPTIONS /api/v1/clients/e74e8560-8b66-11eb-b9f4-4635900e04a9/buy-package HTTP/1.1" 204 0
::1 - - [23/Mar/2021:00:43:36 +0000] "PATCH /api/v1/clients/e74e8560-8b66-11eb-b9f4-4635900e04a9/buy-package HTTP/1.1" 400 51
::1 - - [23/Mar/2021:00:47:55 +0000] "OPTIONS /api/v1/clients/e74e8560-8b66-11eb-b9f4-4635900e04a9/buy-package HTTP/1.1" 204 0
::1 - - [23/Mar/2021:00:47:55 +0000] "PATCH /api/v1/clients/e74e8560-8b66-11eb-b9f4-4635900e04a9/buy-package HTTP/1.1" 400 51
::1 - - [23/Mar/2021:00:49:34 +0000] "OPTIONS /api/v1/clients/e74e8560-8b66-11eb-b9f4-4635900e04a9/buy-package HTTP/1.1" 204 0
::1 - - [23/Mar/2021:00:49:34 +0000] "PATCH /api/v1/clients/e74e8560-8b66-11eb-b9f4-4635900e04a9/buy-package HTTP/1.1" 400 51
::1 - - [23/Mar/2021:00:50:37 +0000] "OPTIONS /api/v1/clients/e74e8560-8b66-11eb-b9f4-4635900e04a9/buy-package HTTP/1.1" 204 0
::1 - - [23/Mar/2021:00:50:38 +0000] "PATCH /api/v1/clients/e74e8560-8b66-11eb-b9f4-4635900e04a9/buy-package HTTP/1.1" 204 -
::1 - - [23/Mar/2021:00:52:54 +0000] "OPTIONS /api/v1/clients/e74e8560-8b66-11eb-b9f4-4635900e04a9/buy-package HTTP/1.1" 204 0
::1 - - [23/Mar/2021:00:52:55 +0000] "PATCH /api/v1/clients/e74e8560-8b66-11eb-b9f4-4635900e04a9/buy-package HTTP/1.1" 204 -
::1 - - [23/Mar/2021:00:54:12 +0000] "OPTIONS /api/v1/clients/e74e8560-8b66-11eb-b9f4-4635900e04a9/buy-package HTTP/1.1" 204 0
::1 - - [23/Mar/2021:00:54:13 +0000] "PATCH /api/v1/clients/e74e8560-8b66-11eb-b9f4-4635900e04a9/buy-package HTTP/1.1" 402 43
::1 - - [23/Mar/2021:00:55:36 +0000] "OPTIONS /api/v1/clients/e74e8560-8b66-11eb-b9f4-4635900e04a9/info HTTP/1.1" 204 0
::1 - - [23/Mar/2021:00:55:36 +0000] "PATCH /api/v1/clients/e74e8560-8b66-11eb-b9f4-4635900e04a9/info HTTP/1.1" 404 197
::1 - - [23/Mar/2021:00:59:46 +0000] "OPTIONS /api/v1/clients/e74e8560-8b66-11eb-b9f4-4635900e04a9/info HTTP/1.1" 204 0
::1 - - [23/Mar/2021:00:59:46 +0000] "PATCH /api/v1/clients/e74e8560-8b66-11eb-b9f4-4635900e04a9/info HTTP/1.1" 404 197
::1 - - [23/Mar/2021:01:01:43 +0000] "OPTIONS /api/v1/clients/e74e8560-8b66-11eb-b9f4-4635900e04a9/info HTTP/1.1" 204 0
::1 - - [23/Mar/2021:01:01:43 +0000] "PATCH /api/v1/clients/e74e8560-8b66-11eb-b9f4-4635900e04a9/info HTTP/1.1" 404 197
::1 - - [23/Mar/2021:01:06:23 +0000] "GET /api/v1/clients/e74e8560-8b66-11eb-b9f4-4635900e04a9/info HTTP/1.1" 500 2
::1 - - [23/Mar/2021:01:07:05 +0000] "OPTIONS /api/v1/clients/e74e8560-8b66-11eb-b9f4-4635900e04a9/topup-balance HTTP/1.1" 204 0
::1 - - [23/Mar/2021:01:07:06 +0000] "PATCH /api/v1/clients/e74e8560-8b66-11eb-b9f4-4635900e04a9/topup-balance HTTP/1.1" 200 27
::1 - - [23/Mar/2021:01:07:12 +0000] "OPTIONS /api/v1/clients/e74e8560-8b66-11eb-b9f4-4635900e04a9/buy-package HTTP/1.1" 204 0
::1 - - [23/Mar/2021:01:07:13 +0000] "PATCH /api/v1/clients/e74e8560-8b66-11eb-b9f4-4635900e04a9/buy-package HTTP/1.1" 400 37
::1 - - [23/Mar/2021:01:07:41 +0000] "OPTIONS /api/v1/clients/e74e8560-8b66-11eb-b9f4-4635900e04a9/topup-balance HTTP/1.1" 204 0
::1 - - [23/Mar/2021:01:07:42 +0000] "PATCH /api/v1/clients/e74e8560-8b66-11eb-b9f4-4635900e04a9/topup-balance HTTP/1.1" 200 27
::1 - - [23/Mar/2021:01:07:55 +0000] "OPTIONS /api/v1/clients/e74e8560-8b66-11eb-b9f4-4635900e04a9/topup-balance HTTP/1.1" 204 0
::1 - - [23/Mar/2021:01:07:55 +0000] "PATCH /api/v1/clients/e74e8560-8b66-11eb-b9f4-4635900e04a9/topup-balance HTTP/1.1" 200 27
::1 - - [23/Mar/2021:01:08:06 +0000] "OPTIONS /api/v1/clients/e74e8560-8b66-11eb-b9f4-4635900e04a9/buy-package HTTP/1.1" 204 0
::1 - - [23/Mar/2021:01:08:07 +0000] "PATCH /api/v1/clients/e74e8560-8b66-11eb-b9f4-4635900e04a9/buy-package HTTP/1.1" 400 37
::1 - - [23/Mar/2021:01:10:35 +0000] "GET /api/v1/clients/e74e8560-8b66-11eb-b9f4-4635900e04a9 HTTP/1.1" 200 105
::1 - - [23/Mar/2021:01:11:17 +0000] "OPTIONS /api/v1/clients/e74e8560-8b66-11eb-b9f4-4635900e04a9/buy-package HTTP/1.1" 204 0
::1 - - [23/Mar/2021:01:11:18 +0000] "PATCH /api/v1/clients/e74e8560-8b66-11eb-b9f4-4635900e04a9/buy-package HTTP/1.1" 400 37
::1 - - [23/Mar/2021:01:12:20 +0000] "GET /api/v1/clients/e74e8560-8b66-11eb-b9f4-4635900e04a9/info HTTP/1.1" 500 2
::1 - - [23/Mar/2021:01:17:03 +0000] "OPTIONS /api/v1/clients/e74e8560-8b66-11eb-b9f4-4635900e04a9/buy-package HTTP/1.1" 204 0
::1 - - [23/Mar/2021:01:17:04 +0000] "PATCH /api/v1/clients/e74e8560-8b66-11eb-b9f4-4635900e04a9/buy-package HTTP/1.1" 402 43
::1 - - [23/Mar/2021:01:17:14 +0000] "OPTIONS /api/v1/clients/e74e8560-8b66-11eb-b9f4-4635900e04a9/topup-balance HTTP/1.1" 204 0
::1 - - [23/Mar/2021:01:17:15 +0000] "PATCH /api/v1/clients/e74e8560-8b66-11eb-b9f4-4635900e04a9/topup-balance HTTP/1.1" 200 27
::1 - - [23/Mar/2021:01:17:22 +0000] "OPTIONS /api/v1/clients/e74e8560-8b66-11eb-b9f4-4635900e04a9/buy-package HTTP/1.1" 204 0
::1 - - [23/Mar/2021:01:17:23 +0000] "PATCH /api/v1/clients/e74e8560-8b66-11eb-b9f4-4635900e04a9/buy-package HTTP/1.1" 200 0
::1 - - [23/Mar/2021:01:18:41 +0000] "GET /api/v1/clients/e74e8560-8b66-11eb-b9f4-4635900e04a9 HTTP/1.1" 200 104
::1 - - [23/Mar/2021:01:18:46 +0000] "OPTIONS /api/v1/clients/e74e8560-8b66-11eb-b9f4-4635900e04a9/topup-balance HTTP/1.1" 204 0
::1 - - [23/Mar/2021:01:18:47 +0000] "PATCH /api/v1/clients/e74e8560-8b66-11eb-b9f4-4635900e04a9/topup-balance HTTP/1.1" 200 27
::1 - - [23/Mar/2021:01:18:53 +0000] "OPTIONS /api/v1/clients/e74e8560-8b66-11eb-b9f4-4635900e04a9/buy-package HTTP/1.1" 204 0
::1 - - [23/Mar/2021:01:18:54 +0000] "PATCH /api/v1/clients/e74e8560-8b66-11eb-b9f4-4635900e04a9/buy-package HTTP/1.1" 200 0
::1 - - [23/Mar/2021:01:21:19 +0000] "OPTIONS /api/v1/clients/e74e8560-8b66-11eb-b9f4-4635900e04a9/topup-balance HTTP/1.1" 204 0
::1 - - [23/Mar/2021:01:21:19 +0000] "PATCH /api/v1/clients/e74e8560-8b66-11eb-b9f4-4635900e04a9/topup-balance HTTP/1.1" 200 27
::1 - - [23/Mar/2021:01:21:25 +0000] "OPTIONS /api/v1/clients/e74e8560-8b66-11eb-b9f4-4635900e04a9/buy-package HTTP/1.1" 204 0
::1 - - [23/Mar/2021:01:21:27 +0000] "PATCH /api/v1/clients/e74e8560-8b66-11eb-b9f4-4635900e04a9/buy-package HTTP/1.1" 200 24
::1 - - [23/Mar/2021:01:21:37 +0000] "GET /api/v1/clients/e74e8560-8b66-11eb-b9f4-4635900e04a9/info HTTP/1.1" 500 2
::1 - - [23/Mar/2021:01:24:53 +0000] "GET /api/v1/clients/e74e8560-8b66-11eb-b9f4-4635900e04a9/info HTTP/1.1" 500 2
::1 - - [23/Mar/2021:01:26:23 +0000] "GET /api/v1/clients/e74e8560-8b66-11eb-b9f4-4635900e04a9/info HTTP/1.1" 500 2
::1 - - [23/Mar/2021:01:27:39 +0000] "GET /api/v1/clients/e74e8560-8b66-11eb-b9f4-4635900e04a9/info HTTP/1.1" 500 2
::1 - - [23/Mar/2021:01:29:02 +0000] "GET /api/v1/clients/e74e8560-8b66-11eb-b9f4-4635900e04a9/info HTTP/1.1" 500 2
::1 - - [23/Mar/2021:01:31:39 +0000] "GET /api/v1/clients/e74e8560-8b66-11eb-b9f4-4635900e04a9/info HTTP/1.1" 500 2
::1 - - [23/Mar/2021:01:34:14 +0000] "GET /api/v1/clients/e74e8560-8b66-11eb-b9f4-4635900e04a9/info HTTP/1.1" 500 2
::1 - - [23/Mar/2021:01:36:08 +0000] "GET /api/v1/clients/e74e8560-8b66-11eb-b9f4-4635900e04a9/info HTTP/1.1" 500 2
::1 - - [23/Mar/2021:01:37:57 +0000] "GET /api/v1/clients/e74e8560-8b66-11eb-b9f4-4635900e04a9/info HTTP/1.1" 200 285
::1 - - [23/Mar/2021:02:15:53 +0000] "GET /api/v1/clients HTTP/1.1" 200 590
::1 - - [23/Mar/2021:02:18:03 +0000] "OPTIONS /api/v1/clients HTTP/1.1" 204 0
::1 - - [23/Mar/2021:02:18:03 +0000] "POST /api/v1/clients HTTP/1.1" 201 45
::1 - - [23/Mar/2021:02:18:23 +0000] "GET /api/v1/clients/e74e8560-8b66-11eb-b9f4-4635900e04a9 HTTP/1.1" 404 10
::1 - - [23/Mar/2021:02:29:08 +0000] "GET /api/v1/clients/e74e8560-8b66-11eb-b9f4-4635900e04a9 HTTP/1.1" 404 10
::1 - - [23/Mar/2021:02:30:36 +0000] "GET /api/v1/clients/e74e8560-8b66-11eb-b9f4-4635900e04a9 HTTP/1.1" 404 10
::1 - - [23/Mar/2021:02:32:16 +0000] "GET /api/v1/clients/e74e8560-8b66-11eb-b9f4-4635900e04a9 HTTP/1.1" 404 10
::1 - - [23/Mar/2021:02:33:46 +0000] "GET /api/v1/clients/e74e8560-8b66-11eb-b9f4-4635900e04a9 HTTP/1.1" 404 10
::1 - - [23/Mar/2021:02:34:15 +0000] "GET /api/v1/clients/e74e8560-8b66-11eb-b9f4-4635900e04a9 HTTP/1.1" 404 10
::1 - - [23/Mar/2021:02:35:16 +0000] "GET /api/v1/clients/e74e8560-8b66-11eb-b9f4-4635900e04a9 HTTP/1.1" 404 10
::1 - - [23/Mar/2021:02:36:03 +0000] "GET /api/v1/clients/e74e8560-8b66-11eb-b9f4-4635900e04a9 HTTP/1.1" 404 10
::1 - - [23/Mar/2021:02:38:10 +0000] "GET /api/v1/clients/e74e8560-8b66-11eb-b9f4-4635900e04a9 HTTP/1.1" 500 1506
::1 - - [23/Mar/2021:02:39:35 +0000] "GET /api/v1/clients/e74e8560-8b66-11eb-b9f4-4635900e04a9 HTTP/1.1" 200 104
::1 - - [23/Mar/2021:02:40:29 +0000] "OPTIONS /api/v1/clients/ff483ff0-8b7d-11eb-802e-f3ac1388b32c HTTP/1.1" 204 0
::1 - - [23/Mar/2021:02:40:29 +0000] "PATCH /api/v1/clients/ff483ff0-8b7d-11eb-802e-f3ac1388b32c HTTP/1.1" 200 30
::1 - - [23/Mar/2021:02:40:45 +0000] "GET /api/v1/clients HTTP/1.1" 200 687
::1 - - [23/Mar/2021:02:41:09 +0000] "OPTIONS /api/v1/clients/ff483ff0-8b7d-11eb-802e-f3ac1388b32c HTTP/1.1" 204 0
::1 - - [23/Mar/2021:02:41:09 +0000] "DELETE /api/v1/clients/ff483ff0-8b7d-11eb-802e-f3ac1388b32c HTTP/1.1" 200 37
::1 - - [23/Mar/2021:02:43:02 +0000] "OPTIONS /api/v1/clients/e74e8560-8b66-11eb-b9f4-4635900e04a9/topup-balance HTTP/1.1" 204 0
::1 - - [23/Mar/2021:02:43:04 +0000] "PATCH /api/v1/clients/e74e8560-8b66-11eb-b9f4-4635900e04a9/topup-balance HTTP/1.1" 200 27
::1 - - [23/Mar/2021:02:43:42 +0000] "GET /api/v1/clients HTTP/1.1" 200 591
::1 - - [23/Mar/2021:02:44:19 +0000] "OPTIONS /api/v1/clients/b639aef0-874c-11eb-9ea5-22b2edce72c7/topup-balance HTTP/1.1" 204 0
::1 - - [23/Mar/2021:02:44:19 +0000] "PATCH /api/v1/clients/b639aef0-874c-11eb-9ea5-22b2edce72c7/topup-balance HTTP/1.1" 200 16
::1 - - [23/Mar/2021:02:45:23 +0000] "OPTIONS /api/v1/clients/e74e8560-8b66-11eb-b9f4-4635900e04a9/buy-package HTTP/1.1" 204 0
::1 - - [23/Mar/2021:02:47:35 +0000] "OPTIONS /api/v1/clients/e74e8560-8b66-11eb-b9f4-4635900e04a9/buy-package HTTP/1.1" 204 0
::1 - - [23/Mar/2021:02:48:37 +0000] "OPTIONS /api/v1/clients/e74e8560-8b66-11eb-b9f4-4635900e04a9/buy-package HTTP/1.1" 204 0
::1 - - [23/Mar/2021:02:48:48 +0000] "PATCH /api/v1/clients/e74e8560-8b66-11eb-b9f4-4635900e04a9/buy-package HTTP/1.1" 200 24
::1 - - [23/Mar/2021:02:49:25 +0000] "GET /api/v1/clients/e74e8560-8b66-11eb-b9f4-4635900e04a9/info HTTP/1.1" 200 285
::1 - - [23/Mar/2021:03:03:14 +0000] "OPTIONS /api/v1/clients/b639aef0-874c-11eb-9ea5-22b2edce72c7/topup-balance HTTP/1.1" 204 0
::1 - - [23/Mar/2021:03:03:14 +0000] "PATCH /api/v1/clients/b639aef0-874c-11eb-9ea5-22b2edce72c7/topup-balance HTTP/1.1" 500 2
::1 - - [23/Mar/2021:03:05:12 +0000] "OPTIONS /api/v1/clients/b639aef0-874c-11eb-9ea5-22b2edce72c7/topup-balance HTTP/1.1" 204 0
::1 - - [23/Mar/2021:03:05:12 +0000] "PATCH /api/v1/clients/b639aef0-874c-11eb-9ea5-22b2edce72c7/topup-balance HTTP/1.1" 500 2
::1 - - [23/Mar/2021:03:06:29 +0000] "OPTIONS /api/v1/clients/b639aef0-874c-11eb-9ea5-22b2edce72c7/topup-balance HTTP/1.1" 204 0
::1 - - [23/Mar/2021:03:06:29 +0000] "PATCH /api/v1/clients/b639aef0-874c-11eb-9ea5-22b2edce72c7/topup-balance HTTP/1.1" 500 2
::1 - - [23/Mar/2021:03:07:29 +0000] "OPTIONS /api/v1/clients/b639aef0-874c-11eb-9ea5-22b2edce72c7/topup-balance HTTP/1.1" 204 0
::1 - - [23/Mar/2021:03:07:29 +0000] "PATCH /api/v1/clients/b639aef0-874c-11eb-9ea5-22b2edce72c7/topup-balance HTTP/1.1" 500 2
::1 - - [23/Mar/2021:03:08:14 +0000] "OPTIONS /api/v1/clients/b639aef0-874c-11eb-9ea5-22b2edce72c7/topup-balance HTTP/1.1" 204 0
::1 - - [23/Mar/2021:03:08:14 +0000] "PATCH /api/v1/clients/b639aef0-874c-11eb-9ea5-22b2edce72c7/topup-balance HTTP/1.1" 500 2
::1 - - [23/Mar/2021:03:08:38 +0000] "OPTIONS /api/v1/clients/b639aef0-874c-11eb-9ea5-22b2edce72c7/topup-balance HTTP/1.1" 204 0
::1 - - [23/Mar/2021:03:08:40 +0000] "PATCH /api/v1/clients/b639aef0-874c-11eb-9ea5-22b2edce72c7/topup-balance HTTP/1.1" 200 16
::1 - - [23/Mar/2021:03:09:00 +0000] "OPTIONS /api/v1/clients/b639aef0-874c-11eb-9ea5-22b2edce72c7/topup-balance HTTP/1.1" 204 0
::1 - - [23/Mar/2021:03:09:00 +0000] "PATCH /api/v1/clients/b639aef0-874c-11eb-9ea5-22b2edce72c7/topup-balance HTTP/1.1" 200 16
::1 - - [23/Mar/2021:03:10:52 +0000] "OPTIONS /api/v1/clients/b639aef0-874c-11eb-9ea5-22b2edce72c7/topup-balance HTTP/1.1" 204 0
::1 - - [23/Mar/2021:03:10:52 +0000] "PATCH /api/v1/clients/b639aef0-874c-11eb-9ea5-22b2edce72c7/topup-balance HTTP/1.1" 400 2
::1 - - [23/Mar/2021:03:11:40 +0000] "OPTIONS /api/v1/clients/b639aef0-874c-11eb-9ea5-22b2edce72c7/topup-balance HTTP/1.1" 204 0
::1 - - [23/Mar/2021:03:11:40 +0000] "PATCH /api/v1/clients/b639aef0-874c-11eb-9ea5-22b2edce72c7/topup-balance HTTP/1.1" 400 44
::1 - - [23/Mar/2021:03:12:12 +0000] "OPTIONS /api/v1/clients/b639aef0-874c-11eb-9ea5-22b2edce72c7/topup-balance HTTP/1.1" 204 0
::1 - - [23/Mar/2021:03:12:13 +0000] "PATCH /api/v1/clients/b639aef0-874c-11eb-9ea5-22b2edce72c7/topup-balance HTTP/1.1" 400 43
::1 - - [24/Mar/2021:16:12:18 +0000] "GET /api/v1/clients HTTP/1.1" 200 2
::1 - - [24/Mar/2021:16:12:22 +0000] "GET /api/v1/clients HTTP/1.1" 200 2
::1 - - [24/Mar/2021:16:12:33 +0000] "POST /api/v1/clients HTTP/1.1" 201 45
::1 - - [24/Mar/2021:16:12:37 +0000] "GET /api/v1/clients HTTP/1.1" 200 88
::1 - - [24/Mar/2021:16:13:43 +0000] "GET /api/v1/clients/bd8efdd0-8cbb-11eb-a854-888203ee527a HTTP/1.1" 200 86
::1 - - [24/Mar/2021:16:14:06 +0000] "PATCH /api/v1/clients/bd8efdd0-8cbb-11eb-a854-888203ee527a HTTP/1.1" 200 30
::1 - - [24/Mar/2021:16:14:10 +0000] "GET /api/v1/clients/bd8efdd0-8cbb-11eb-a854-888203ee527a HTTP/1.1" 200 86
::1 - - [24/Mar/2021:16:14:21 +0000] "DELETE /api/v1/clients/bd8efdd0-8cbb-11eb-a854-888203ee527a HTTP/1.1" 200 37
::1 - - [24/Mar/2021:16:14:28 +0000] "GET /api/v1/clients HTTP/1.1" 200 2
::1 - - [24/Mar/2021:16:18:22 +0000] "GET /api/v1/clients HTTP/1.1" 200 2
::1 - - [24/Mar/2021:16:29:13 +0000] "GET /api/v1/clients HTTP/1.1" 200 2
::1 - - [24/Mar/2021:16:29:17 +0000] "POST /api/v1/clients HTTP/1.1" 201 45
::1 - - [24/Mar/2021:16:29:21 +0000] "GET /api/v1/clients HTTP/1.1" 200 88
::1 - - [24/Mar/2021:16:29:49 +0000] "POST /api/v1/clients HTTP/1.1" 201 45
::1 - - [24/Mar/2021:16:29:52 +0000] "GET /api/v1/clients HTTP/1.1" 200 175
::1 - - [24/Mar/2021:16:30:23 +0000] "GET /api/v1/clients/1459dac0-8cbe-11eb-b0c0-01d95a6ff850 HTTP/1.1" 200 86
::1 - - [24/Mar/2021:16:30:47 +0000] "PATCH /api/v1/clients/1459dac0-8cbe-11eb-b0c0-01d95a6ff850 HTTP/1.1" 200 30
::1 - - [24/Mar/2021:16:30:51 +0000] "GET /api/v1/clients HTTP/1.1" 200 176
::1 - - [24/Mar/2021:16:31:20 +0000] "DELETE /api/v1/clients/1459dac0-8cbe-11eb-b0c0-01d95a6ff854 HTTP/1.1" 200 37
::1 - - [24/Mar/2021:16:31:37 +0000] "DELETE /api/v1/clients/1459dac0-8cbe-11eb-b0c0-01d95a6ff850 HTTP/1.1" 200 37
::1 - - [24/Mar/2021:16:34:08 +0000] "DELETE /api/v1/clients/1459dac0-8cbe-11eb-b0c0- HTTP/1.1" 500 87
::1 - - [24/Mar/2021:16:34:22 +0000] "GET /api/v1/clients HTTP/1.1" 200 88
::1 - - [24/Mar/2021:16:34:40 +0000] "POST /api/v1/clients HTTP/1.1" 201 45
::1 - - [24/Mar/2021:16:34:44 +0000] "GET /api/v1/clients HTTP/1.1" 200 175
::1 - - [24/Mar/2021:16:34:56 +0000] "GET /api/v1/clients?name=Vanda HTTP/1.1" 200 2
::1 - - [24/Mar/2021:16:35:02 +0000] "GET /api/v1/clients?name=Alex HTTP/1.1" 200 88
::1 - - [24/Mar/2021:16:35:07 +0000] "GET /api/v1/clients HTTP/1.1" 200 175
::1 - - [24/Mar/2021:16:35:19 +0000] "GET /api/v1/catalog/products HTTP/1.1" 200 823
::1 - - [24/Mar/2021:16:35:29 +0000] "GET /api/v1/catalog/products HTTP/1.1" 200 823
::1 - - [24/Mar/2021:16:35:34 +0000] "GET /api/v1/catalog/packages/base HTTP/1.1" 200 686
::1 - - [24/Mar/2021:16:35:43 +0000] "GET /api/v1/catalog/packages/%7BpackageId%7D/info HTTP/1.1" 404 183
::1 - - [24/Mar/2021:16:35:55 +0000] "GET /api/v1/catalog/products HTTP/1.1" 200 823
::1 - - [24/Mar/2021:19:02:22 +0000] "GET / HTTP/1.1" 404 139
::1 - - [24/Mar/2021:19:02:25 +0000] "GET / HTTP/1.1" 404 139
::1 - - [24/Mar/2021:19:02:26 +0000] "GET / HTTP/1.1" 404 139
::1 - - [24/Mar/2021:19:02:26 +0000] "GET / HTTP/1.1" 404 139
::1 - - [24/Mar/2021:19:02:42 +0000] "GET /api/v1/clients HTTP/1.1" 200 175
::1 - - [24/Mar/2021:19:02:47 +0000] "GET /api/v1/clients HTTP/1.1" 304 -
::1 - - [24/Mar/2021:19:04:27 +0000] "GET /api/v1/clients HTTP/1.1" 200 175
::1 - - [24/Mar/2021:19:04:34 +0000] "GET /api/v1/clients/1459dac0-8cbe-11eb-b0c0-01d95a6ff850 HTTP/1.1" 200 -
::1 - - [24/Mar/2021:19:04:37 +0000] "GET /api/v1/clients/1459dac0-8cbe-11eb-b0c0-01d95a6ff850 HTTP/1.1" 200 -
::1 - - [24/Mar/2021:19:04:38 +0000] "GET /api/v1/clients/1459dac0-8cbe-11eb-b0c0-01d95a6ff850 HTTP/1.1" 200 -
::1 - - [24/Mar/2021:19:05:14 +0000] "GET /api/v1/clients HTTP/1.1" 304 -
::1 - - [24/Mar/2021:19:05:38 +0000] "GET /api/v1/clients/276ad600-8cbe-11eb-979c-3ae20273d1b0 HTTP/1.1" 200 86
::1 - - [24/Mar/2021:19:05:49 +0000] "GET /api/v1/clients/276ad600-8cbe-11eb-979c-3ae20272d1b0 HTTP/1.1" 200 -
::1 - - [24/Mar/2021:19:15:54 +0000] "GET /api/v1/clients/276ad600-8cbe-11eb-979c-3ae20272d1b0 HTTP/1.1" 200 -
::1 - - [24/Mar/2021:19:16:01 +0000] "GET /api/v1/clients/276ad600-8cbe-1eb-979c-3ae20272d1b0 HTTP/1.1" 404 88
::1 - - [24/Mar/2021:19:16:29 +0000] "GET /api/v1/clients/276ad600-8cbe-11eb-979c-3ae20273d1b0 HTTP/1.1" 200 86
::1 - - [24/Mar/2021:19:16:34 +0000] "GET /api/v1/clients/276ad600-8cbe-11eb-979c-3ae20273d1b HTTP/1.1" 404 85
::1 - - [24/Mar/2021:19:16:39 +0000] "GET /api/v1/clients/276ad600-8cbe-11eb-979c-3ae20273d1b0 HTTP/1.1" 200 86
::1 - - [24/Mar/2021:19:17:19 +0000] "GET /api/v1/clients/276ad600-8cbe-11eb-979c-3ae20273d1c0 HTTP/1.1" 200 -
::1 - - [24/Mar/2021:19:18:51 +0000] "PATCH /api/v1/clients/1459dac0-8cbe-11eb-b0c0-01d95a6ff850 HTTP/1.1" 200 30
::1 - - [24/Mar/2021:19:19:04 +0000] "GET /api/v1/clients HTTP/1.1" 200 266
::1 - - [24/Mar/2021:19:19:11 +0000] "GET /api/v1/clients HTTP/1.1" 200 266
::1 - - [24/Mar/2021:19:19:33 +0000] "PATCH /api/v1/clients/1459dac0-8cbe-11eb-b0c0-01d95a6ff850 HTTP/1.1" 200 30
::1 - - [24/Mar/2021:19:19:38 +0000] "GET /api/v1/clients HTTP/1.1" 200 264
::1 - - [24/Mar/2021:19:29:49 +0000] "GET /api/v1/clients HTTP/1.1" 200 264
::1 - - [24/Mar/2021:19:30:36 +0000] "GET /api/v1/catalog/products HTTP/1.1" 200 823
::1 - - [24/Mar/2021:19:30:45 +0000] "GET /api/v1/catalog/products HTTP/1.1" 200 823
::1 - - [24/Mar/2021:19:30:55 +0000] "GET /api/v1/catalog/packages/base HTTP/1.1" 200 686
::1 - - [24/Mar/2021:19:35:20 +0000] "GET /api/v1/clients HTTP/1.1" 200 264
::1 - - [24/Mar/2021:19:36:02 +0000] "GET /api/v1/clients HTTP/1.1" 200 264
::1 - - [24/Mar/2021:19:37:19 +0000] "PATCH /api/v1/clients/276ad600-8cbe-11eb-979c-3ae20273d1b0/topup-balance HTTP/1.1" 200 19
::1 - - [24/Mar/2021:19:37:33 +0000] "GET /api/v1/clients HTTP/1.1" 200 267
::1 - - [24/Mar/2021:19:39:20 +0000] "PATCH /api/v1/clients/276ad600-8cbe-11eb-979c-3ae20273d1b0/topup-balance HTTP/1.1" 200 22
::1 - - [24/Mar/2021:19:39:31 +0000] "GET /api/v1/clients HTTP/1.1" 200 271
::1 - - [24/Mar/2021:19:48:15 +0000] "PATCH /api/v1/clients/276ad600-8cbe-11eb-979c-3ae20273d1b0/topup-balance HTTP/1.1" 400 43
::1 - - [24/Mar/2021:19:50:01 +0000] "PATCH /api/v1/clients/276ad600-8cbe-11eb-979c-3ae20273d1b0/topup-balance HTTP/1.1" 400 43
::1 - - [24/Mar/2021:19:50:38 +0000] "PATCH /api/v1/clients/276ad600-8cbe-11eb-979c-3ae20273d1b0/topup-balance HTTP/1.1" 400 43
::1 - - [24/Mar/2021:19:51:07 +0000] "PATCH /api/v1/clients/276ad600-8cbe-11eb-979c-3ae20273d1b0/topup-balance HTTP/1.1" 400 43
::1 - - [24/Mar/2021:19:51:45 +0000] "PATCH /api/v1/clients/276ad600-8cbe-11eb-979c-3ae20273d1b0/topup-balance HTTP/1.1" 400 43
::1 - - [24/Mar/2021:19:52:36 +0000] "PATCH /api/v1/clients/276ad600-8cbe-11eb-979c-3ae20273d1b0/topup-balance HTTP/1.1" 200 20
::1 - - [24/Mar/2021:19:53:29 +0000] "GET /api/v1/clients HTTP/1.1" 200 271
::1 - - [24/Mar/2021:19:53:49 +0000] "DELETE /api/v1/clients/276ad600-8cbe-11eb-979c-3ae20273d1b0 HTTP/1.1" 200 37
::1 - - [24/Mar/2021:19:53:55 +0000] "GET /api/v1/clients HTTP/1.1" 200 177
::1 - - [24/Mar/2021:19:54:22 +0000] "PATCH /api/v1/clients/d4e2cb80-8cbe-11eb-8d81-c32475293aba/topup-balance HTTP/1.1" 200 15
::1 - - [24/Mar/2021:19:54:30 +0000] "PATCH /api/v1/clients/d4e2cb80-8cbe-11eb-8d81-c32475293aba/topup-balance HTTP/1.1" 200 16
::1 - - [24/Mar/2021:19:54:36 +0000] "PATCH /api/v1/clients/d4e2cb80-8cbe-11eb-8d81-c32475293aba/topup-balance HTTP/1.1" 400 43
::1 - - [24/Mar/2021:19:54:44 +0000] "PATCH /api/v1/clients/d4e2cb80-8cbe-11eb-8d81-c32475293aba/topup-balance HTTP/1.1" 200 16
::1 - - [24/Mar/2021:19:54:54 +0000] "PATCH /api/v1/clients/d4e2cb80-8cbe-11eb-8d81-c32475293aba/topup-balance HTTP/1.1" 200 16
::1 - - [24/Mar/2021:19:55:01 +0000] "PATCH /api/v1/clients/d4e2cb80-8cbe-11eb-8d81-c32475293aba/topup-balance HTTP/1.1" 200 16
::1 - - [24/Mar/2021:19:55:48 +0000] "PATCH /api/v1/clients/d4e2cb80-8cbe-11eb-8d81-c32475293aba/topup-balance HTTP/1.1" 200 16
::1 - - [24/Mar/2021:20:01:37 +0000] "GET /api/v1/clients HTTP/1.1" 200 180
::1 - - [24/Mar/2021:20:08:13 +0000] "GET /api/v1/catalog/products HTTP/1.1" 200 823
::1 - - [24/Mar/2021:20:11:23 +0000] "GET /api/v1/catalog/products HTTP/1.1" 200 823
::1 - - [24/Mar/2021:20:12:56 +0000] "GET /api/v1/clients HTTP/1.1" 200 180
::1 - - [24/Mar/2021:20:13:19 +0000] "PATCH /api/v1/clients/d4e2cb80-8cbe-11eb-8d81-c32475293aba/buy-package HTTP/1.1" 400 49
::1 - - [24/Mar/2021:20:14:16 +0000] "PATCH /api/v1/clients/d4e2cb80-8cbe-11eb-8d81-c32475293aba/buy-package HTTP/1.1" 400 49
::1 - - [24/Mar/2021:20:16:58 +0000] "PATCH /api/v1/clients/d4e2cb80-8cbe-11eb-8d81-c32475293aba/buy-package HTTP/1.1" - -
::1 - - [24/Mar/2021:20:17:14 +0000] "PATCH /api/v1/clients/d4e2cb80-8cbe-11eb-8d81-c32475293aba/buy-package HTTP/1.1" 400 49
::1 - - [24/Mar/2021:20:19:23 +0000] "PATCH /api/v1/clients/d4e2cb80-8cbe-11eb-8d81-c32475293aba/buy-package HTTP/1.1" 400 49
::1 - - [24/Mar/2021:20:19:47 +0000] "PATCH /api/v1/clients/d4e2cb80-8cbe-11eb-8d81-c32475293aba/buy-package HTTP/1.1" 400 49
::1 - - [24/Mar/2021:20:26:06 +0000] "PATCH /api/v1/clients/d4e2cb80-8cbe-11eb-8d81-c32475293aba/buy-package HTTP/1.1" 400 49
::1 - - [24/Mar/2021:20:26:50 +0000] "PATCH /api/v1/clients/d4e2cb80-8cbe-11eb-8d81-c32475293aba/buy-package HTTP/1.1" 400 49
::1 - - [24/Mar/2021:20:29:38 +0000] "PATCH /api/v1/clients/d4e2cb80-8cbe-11eb-8d81-c32475293aba/buy-package HTTP/1.1" 400 49
::1 - - [24/Mar/2021:20:32:24 +0000] "PATCH /api/v1/clients/d4e2cb80-8cbe-11eb-8d81-c32475293aba/buy-package HTTP/1.1" 400 49
::1 - - [24/Mar/2021:20:33:06 +0000] "PATCH /api/v1/clients/d4e2cb80-8cbe-11eb-8d81-c32475293aba/buy-package HTTP/1.1" 400 49
::1 - - [24/Mar/2021:20:34:29 +0000] "PATCH /api/v1/clients/d4e2cb80-8cbe-11eb-8d81-c32475293aba/buy-package HTTP/1.1" 400 49
::1 - - [24/Mar/2021:20:36:45 +0000] "PATCH /api/v1/clients/d4e2cb80-8cbe-11eb-8d81-c32475293aba/buy-package HTTP/1.1" 400 49
::1 - - [24/Mar/2021:20:36:59 +0000] "PATCH /api/v1/clients/d4e2cb80-8cbe-11eb-8d81-c32475293aba/buy-package HTTP/1.1" - -
::1 - - [24/Mar/2021:20:40:49 +0000] "GET /api/v1/catalog/products HTTP/1.1" 200 823
::1 - - [24/Mar/2021:20:42:25 +0000] "GET /api/v1/catalog/products HTTP/1.1" 200 823
::1 - - [24/Mar/2021:20:43:20 +0000] "PATCH /api/v1/clients/d4e2cb80-8cbe-11eb-8d81-c32475293aba/buy-package HTTP/1.1" - -
::1 - - [24/Mar/2021:20:48:46 +0000] "PATCH /api/v1/clients/d4e2cb80-8cbe-11eb-8d81-c32475293aba/buy-package HTTP/1.1" 400 41
::1 - - [24/Mar/2021:20:49:41 +0000] "PATCH /api/v1/clients/d4e2cb80-8cbe-11eb-8d81-c32475293aba/buy-package HTTP/1.1" 200 18
::1 - - [24/Mar/2021:21:04:09 +0000] "PATCH /api/v1/clients/d4e2cb80-8cbe-11eb-8d81-c32475293aba/topup-balance HTTP/1.1" 200 16
::1 - - [24/Mar/2021:21:04:13 +0000] "PATCH /api/v1/clients/d4e2cb80-8cbe-11eb-8d81-c32475293aba/topup-balance HTTP/1.1" 400 43
::1 - - [24/Mar/2021:21:16:36 +0000] "GET /api/v1/catalog/products HTTP/1.1" 200 823
::1 - - [24/Mar/2021:21:23:37 +0000] "GET /api/v1/clients/276ad600-8cbe-11eb-979c-3ae20273d1c0 HTTP/1.1" 200 -
::1 - - [24/Mar/2021:21:23:46 +0000] "GET /api/v1/clients HTTP/1.1" 200 180
::1 - - [24/Mar/2021:21:24:01 +0000] "PATCH /api/v1/clients/d4e2cb80-8cbe-11eb-8d81-c32475293aba/buy-package HTTP/1.1" 200 18
::1 - - [24/Mar/2021:21:26:50 +0000] "PATCH /api/v1/clients/d4e2cb80-8cbe-11eb-8d81-c32475293aba/buy-package HTTP/1.1" - -
::1 - - [24/Mar/2021:21:33:58 +0000] "PATCH /api/v1/clients/d4e2cb80-8cbe-11eb-8d81-c32475293aba/buy-package HTTP/1.1" - -
::1 - - [24/Mar/2021:21:37:55 +0000] "PATCH /api/v1/clients/d4e2cb80-8cbe-11eb-8d81-c32475293aba/buy-package HTTP/1.1" - -
::1 - - [24/Mar/2021:21:44:25 +0000] "PATCH /api/v1/clients/d4e2cb80-8cbe-11eb-8d81-c32475293aba/buy-package HTTP/1.1" - -
::1 - - [24/Mar/2021:21:45:18 +0000] "PATCH /api/v1/clients/d4e2cb80-8cbe-11eb-8d81-c32475293aba/buy-package HTTP/1.1" - -
::1 - - [24/Mar/2021:21:58:08 +0000] "PATCH /api/v1/clients/d4e2cb80-8cbe-11eb-8d81-c32475293aba/buy-package HTTP/1.1" - -
::1 - - [24/Mar/2021:21:59:52 +0000] "PATCH /api/v1/clients/d4e2cb80-8cbe-11eb-8d81-c32475293aba/buy-package HTTP/1.1" - -
::1 - - [24/Mar/2021:22:01:12 +0000] "PATCH /api/v1/clients/d4e2cb80-8cbe-11eb-8d81-c32475293aba/buy-package HTTP/1.1" 200 52
::1 - - [24/Mar/2021:22:01:33 +0000] "GET /api/v1/clients HTTP/1.1" 200 214
::1 - - [24/Mar/2021:22:07:44 +0000] "GET /api/v1/clients HTTP/1.1" 200 214
::1 - - [24/Mar/2021:22:08:17 +0000] "PATCH /api/v1/clients/d4e2cb80-8cbe-11eb-8d81-c32475293aba/topup-balance HTTP/1.1" 200 16
::1 - - [24/Mar/2021:22:08:44 +0000] "GET /api/v1/clients HTTP/1.1" 200 214
::1 - - [24/Mar/2021:22:09:04 +0000] "DELETE /api/v1/clients/d4e2cb80-8cbe-11eb-8d81-c32475293aba HTTP/1.1" 200 37
::1 - - [24/Mar/2021:22:09:07 +0000] "GET /api/v1/clients HTTP/1.1" 200 90
::1 - - [24/Mar/2021:22:09:31 +0000] "DELETE /api/v1/clients/1459dac0-8cbe-11eb-b0c0-01d95a6ff850 HTTP/1.1" 200 37
::1 - - [24/Mar/2021:22:09:36 +0000] "GET /api/v1/clients HTTP/1.1" 200 2
::1 - - [24/Mar/2021:22:10:05 +0000] "POST /api/v1/clients HTTP/1.1" 201 45
::1 - - [24/Mar/2021:22:10:08 +0000] "GET /api/v1/clients HTTP/1.1" 200 89
::1 - - [24/Mar/2021:22:10:28 +0000] "PATCH /api/v1/clients/afda4ff0-8ced-11eb-b090-79a4f529ab0a/topup-balance HTTP/1.1" 200 17
::1 - - [24/Mar/2021:22:10:33 +0000] "GET /api/v1/clients HTTP/1.1" 200 93
::1 - - [24/Mar/2021:22:10:48 +0000] "PATCH /api/v1/clients/afda4ff0-8ced-11eb-b090-79a4f529ab0a/buy-package HTTP/1.1" 200 52
::1 - - [24/Mar/2021:22:10:55 +0000] "GET /api/v1/clients HTTP/1.1" 200 135
::1 - - [24/Mar/2021:22:14:38 +0000] "GET /api/v1/clients HTTP/1.1" 200 135
::1 - - [24/Mar/2021:22:14:51 +0000] "GET /api/v1/catalog/products HTTP/1.1" 200 823
::1 - - [24/Mar/2021:22:15:36 +0000] "PATCH /api/v1/clients/afda4ff0-8ced-11eb-b090-79a4f529ab0a/buy-package HTTP/1.1" 200 52
::1 - - [24/Mar/2021:22:15:44 +0000] "GET /api/v1/clients HTTP/1.1" 200 135
::1 - - [24/Mar/2021:22:15:50 +0000] "GET /api/v1/clients HTTP/1.1" 200 135
::1 - - [24/Mar/2021:22:15:51 +0000] "GET /api/v1/clients HTTP/1.1" 200 135
::1 - - [24/Mar/2021:22:19:23 +0000] "PATCH /api/v1/clients/afda4ff0-8ced-11eb-b090-79a4f529ab0a/buy-package HTTP/1.1" 200 52
::1 - - [24/Mar/2021:22:19:33 +0000] "GET /api/v1/clients HTTP/1.1" 200 135
::1 - - [24/Mar/2021:22:21:56 +0000] "GET /api/v1/clients HTTP/1.1" 200 135
::1 - - [24/Mar/2021:22:22:02 +0000] "PATCH /api/v1/clients/afda4ff0-8ced-11eb-b090-79a4f529ab0a/buy-package HTTP/1.1" 200 52
::1 - - [24/Mar/2021:22:22:06 +0000] "GET /api/v1/clients HTTP/1.1" 200 135
::1 - - [24/Mar/2021:22:26:39 +0000] "PATCH /api/v1/clients/afda4ff0-8ced-11eb-b090-79a4f529ab0a/buy-package HTTP/1.1" 200 52
::1 - - [24/Mar/2021:22:26:44 +0000] "GET /api/v1/clients HTTP/1.1" 200 139
::1 - - [24/Mar/2021:22:29:27 +0000] "PATCH /api/v1/clients/afda4ff0-8ced-11eb-b090-79a4f529ab0a/buy-package HTTP/1.1" 200 52
::1 - - [24/Mar/2021:22:29:32 +0000] "GET /api/v1/clients HTTP/1.1" 200 140
::1 - - [24/Mar/2021:22:31:24 +0000] "GET /api/v1/clients HTTP/1.1" 200 140
::1 - - [24/Mar/2021:22:33:00 +0000] "GET /api/v1/clients HTTP/1.1" 200 126
::1 - - [24/Mar/2021:22:33:02 +0000] "GET /api/v1/clients HTTP/1.1" 200 126
::1 - - [24/Mar/2021:22:33:13 +0000] "PATCH /api/v1/clients/afda4ff0-8ced-11eb-b090-79a4f529ab0a/buy-package HTTP/1.1" 402 43
::1 - - [24/Mar/2021:22:33:18 +0000] "GET /api/v1/clients HTTP/1.1" 200 126
::1 - - [24/Mar/2021:22:33:26 +0000] "GET /api/v1/catalog/products HTTP/1.1" 200 823
::1 - - [24/Mar/2021:22:33:43 +0000] "PATCH /api/v1/clients/afda4ff0-8ced-11eb-b090-79a4f529ab0a/buy-package HTTP/1.1" 200 52
::1 - - [24/Mar/2021:22:33:53 +0000] "GET /api/v1/clients HTTP/1.1" 200 139
::1 - - [24/Mar/2021:22:34:58 +0000] "PATCH /api/v1/clients/afda4ff0-8ced-11eb-b090-79a4f529ab0a/buy-package HTTP/1.1" 402 43
::1 - - [24/Mar/2021:22:35:13 +0000] "PATCH /api/v1/clients/afda4ff0-8ced-11eb-b090-79a4f529ab0a/buy-package HTTP/1.1" - -
::1 - - [24/Mar/2021:22:36:00 +0000] "GET /api/v1/clients HTTP/1.1" 200 139
::1 - - [24/Mar/2021:22:36:10 +0000] "PATCH /api/v1/clients/afda4ff0-8ced-11eb-b090-79a4f529ab0a/buy-package HTTP/1.1" 200 52
::1 - - [24/Mar/2021:22:36:16 +0000] "GET /api/v1/clients HTTP/1.1" 200 138
::1 - - [24/Mar/2021:22:38:33 +0000] "PATCH /api/v1/clients/afda4ff0-8ced-11eb-b090-79a4f529ab0a/buy-package HTTP/1.1" 402 43
::1 - - [24/Mar/2021:22:38:40 +0000] "PATCH /api/v1/clients/afda4ff0-8ced-11eb-b090-79a4f529ab0a/topup-balance HTTP/1.1" 200 30
::1 - - [24/Mar/2021:22:38:45 +0000] "PATCH /api/v1/clients/afda4ff0-8ced-11eb-b090-79a4f529ab0a/buy-package HTTP/1.1" 200 52
::1 - - [24/Mar/2021:22:43:53 +0000] "GET /api/v1/clients HTTP/1.1" 200 137
::1 - - [24/Mar/2021:22:44:04 +0000] "PATCH /api/v1/clients/afda4ff0-8ced-11eb-b090-79a4f529ab0a/buy-package HTTP/1.1" 200 52
::1 - - [24/Mar/2021:22:48:07 +0000] "GET /api/v1/clients HTTP/1.1" 200 135
::1 - - [24/Mar/2021:22:48:09 +0000] "GET /api/v1/clients HTTP/1.1" 200 135
::1 - - [24/Mar/2021:22:48:17 +0000] "PATCH /api/v1/clients/afda4ff0-8ced-11eb-b090-79a4f529ab0a/buy-package HTTP/1.1" 200 52
::1 - - [24/Mar/2021:22:48:22 +0000] "GET /api/v1/clients HTTP/1.1" 200 137
